SF:lib\app\app_module.dart
DA:15,3
DA:17,6
DA:19,0
DA:20,0
DA:21,0
DA:22,0
DA:23,0
LF:7
LH:2
end_of_record
SF:lib\app\modules\auth\auth_module.dart
DA:10,3
DA:11,3
DA:12,3
DA:13,3
DA:14,3
DA:15,3
DA:18,0
DA:19,0
LF:8
LH:6
end_of_record
SF:lib\app\modules\auth\controllers\auth_controller.dart
DA:15,0
DA:19,0
DA:20,0
DA:23,0
DA:24,0
DA:27,0
DA:28,0
DA:30,0
DA:36,0
DA:37,0
DA:38,0
DA:42,0
DA:43,0
DA:44,0
LF:14
LH:0
end_of_record
SF:lib\app\modules\base-recape\base_recape_module.dart
DA:21,3
DA:22,3
DA:23,4
DA:24,1
DA:26,3
DA:27,3
DA:28,3
DA:29,6
DA:30,3
DA:31,3
DA:32,3
DA:33,3
DA:34,0
DA:35,6
DA:36,3
DA:37,3
DA:38,0
DA:41,0
DA:42,0
DA:43,0
DA:44,0
DA:45,0
LF:22
LH:15
end_of_record
SF:lib\app\modules\base-recape\controllers\base_recape_controller.g.dart
DA:12,2
DA:13,4
DA:15,1
DA:17,2
DA:18,1
DA:21,2
DA:23,8
DA:24,2
DA:28,2
DA:29,4
DA:31,1
DA:33,2
DA:34,1
DA:37,2
DA:39,8
DA:40,2
DA:47,0
DA:49,0
DA:50,0
DA:53,0
DA:55,0
DA:56,0
DA:63,0
DA:65,0
DA:66,0
DA:69,0
DA:71,0
DA:72,0
DA:79,0
DA:81,0
DA:82,0
DA:85,0
DA:87,0
DA:88,0
DA:95,0
DA:97,0
DA:98,0
DA:101,0
DA:103,0
DA:104,0
DA:111,0
DA:113,0
DA:114,0
DA:117,0
DA:119,0
DA:120,0
DA:127,0
DA:129,0
DA:130,0
DA:133,0
DA:135,0
DA:136,0
DA:143,0
DA:145,0
DA:146,0
DA:149,0
DA:151,0
DA:152,0
DA:153,0
DA:160,0
DA:162,0
DA:163,0
DA:166,0
DA:168,0
DA:169,0
DA:176,0
DA:178,0
DA:179,0
DA:182,0
DA:184,0
DA:185,0
DA:189,2
DA:190,4
DA:192,2
DA:194,8
DA:200,0
DA:202,0
DA:209,0
DA:211,0
DA:212,0
DA:215,2
DA:216,4
DA:218,2
DA:220,4
DA:223,2
DA:225,4
DA:229,0
DA:231,0
DA:234,0
DA:236,0
DA:240,0
DA:242,0
DA:245,0
DA:247,0
DA:251,0
DA:253,0
DA:256,0
DA:258,0
DA:262,0
DA:264,0
DA:267,0
DA:269,0
DA:273,0
DA:275,0
DA:278,0
DA:280,0
DA:284,0
DA:286,0
DA:289,0
DA:291,0
DA:295,0
DA:297,0
DA:300,0
DA:302,0
DA:306,0
DA:308,0
DA:311,0
DA:313,0
DA:317,0
DA:319,0
DA:322,0
DA:324,0
DA:328,0
DA:330,0
DA:333,0
DA:335,0
DA:339,0
DA:341,0
DA:344,0
DA:346,0
DA:350,0
DA:352,0
DA:355,0
DA:357,0
DA:361,0
DA:364,0
DA:365,0
DA:366,0
DA:367,0
DA:368,0
DA:369,0
DA:370,0
DA:371,0
DA:372,0
DA:373,0
DA:374,0
DA:375,0
LF:147
LH:26
end_of_record
SF:lib\app\modules\base-recape\controllers\base_recape_controller.dart
DA:25,2
DA:26,2
DA:32,2
DA:33,2
DA:41,0
DA:42,0
DA:47,0
DA:49,0
DA:54,0
DA:55,0
DA:60,0
DA:61,0
DA:66,0
DA:67,0
DA:72,0
DA:73,0
DA:78,0
DA:80,0
DA:85,0
DA:86,0
DA:88,0
DA:90,0
DA:92,0
DA:93,0
DA:94,0
DA:96,0
DA:97,0
DA:98,0
DA:99,0
DA:100,0
DA:101,0
DA:103,0
DA:106,0
DA:109,0
DA:112,0
DA:115,0
DA:118,0
DA:121,0
DA:125,0
DA:126,0
DA:127,0
DA:132,0
DA:134,0
DA:136,0
DA:139,0
DA:141,0
DA:142,0
DA:143,0
DA:144,0
DA:145,0
DA:146,0
DA:147,0
DA:148,0
DA:149,0
DA:152,2
DA:154,4
DA:155,4
DA:156,8
DA:157,2
DA:158,2
DA:162,0
DA:164,0
DA:165,0
DA:166,0
DA:167,0
DA:171,0
DA:173,0
DA:176,0
DA:177,0
DA:199,0
DA:200,0
DA:201,0
DA:202,0
DA:203,0
DA:204,0
DA:205,0
DA:206,0
DA:207,0
DA:208,0
DA:209,0
DA:210,0
DA:211,0
DA:212,0
DA:213,0
DA:214,0
DA:215,0
DA:216,0
DA:217,0
DA:218,0
DA:219,0
DA:220,0
DA:221,0
DA:225,0
DA:227,0
DA:233,0
DA:235,0
DA:236,0
DA:238,0
DA:242,0
DA:244,0
LF:100
LH:10
end_of_record
SF:lib\app\modules\base-recape\states\base_recape_state.dart
DA:5,2
DA:15,2
DA:21,1
LF:3
LH:3
end_of_record
SF:lib\app\shared\domain\enums\fonte_enum.dart
DA:19,0
DA:20,0
LF:2
LH:0
end_of_record
SF:lib\app\shared\domain\enums\geometry_status_enum.dart
DA:14,0
DA:15,0
LF:2
LH:0
end_of_record
SF:lib\app\shared\domain\enums\revestimento_enum.dart
DA:8,0
DA:9,0
LF:2
LH:0
end_of_record
SF:lib\app\shared\domain\enums\status_obra_enum.dart
DA:17,0
DA:18,0
LF:2
LH:0
end_of_record
SF:lib\app\shared\domain\usecases\get_all_obras_usecase.dart
DA:13,2
DA:15,2
DA:17,4
LF:3
LH:3
end_of_record
SF:lib\app\shared\domain\usecases\user\logout_user_usecase.dart
DA:13,0
DA:15,0
DA:17,0
LF:3
LH:0
end_of_record
SF:lib\app\shared\helpers\errors\errors.dart
DA:6,7
DA:10,0
DA:11,0
DA:15,0
DA:19,4
DA:20,12
DA:24,1
DA:25,3
DA:29,0
LF:9
LH:5
end_of_record
SF:lib\app\shared\infra\models\motoverificacao_model.dart
DA:4,9
DA:11,1
DA:12,1
DA:13,1
DA:14,1
DA:15,1
DA:16,1
DA:20,0
DA:21,0
DA:23,0
DA:24,0
DA:25,0
DA:27,0
DA:31,9
DA:32,9
DA:40,2
DA:46,2
DA:48,1
DA:50,2
DA:52,2
DA:54,2
LF:21
LH:15
end_of_record
SF:lib\app\shared\infra\models\obra_model.dart
DA:13,8
DA:37,1
DA:40,1
DA:41,0
DA:42,0
DA:43,0
DA:44,0
DA:45,0
DA:46,0
DA:48,0
DA:50,1
DA:51,1
DA:53,5
DA:55,5
DA:56,1
DA:57,1
DA:58,1
DA:59,1
DA:60,1
DA:62,5
DA:63,1
DA:64,1
DA:65,1
DA:66,1
DA:67,1
DA:70,5
DA:71,1
DA:72,2
DA:73,1
DA:74,1
DA:75,1
DA:76,1
DA:79,5
DA:81,5
DA:82,1
DA:85,1
DA:86,4
DA:89,1
DA:90,1
DA:91,1
DA:92,2
DA:93,2
DA:94,3
DA:95,1
DA:96,1
DA:97,1
DA:98,1
DA:99,1
DA:101,3
DA:102,1
DA:103,1
DA:104,1
DA:105,2
DA:107,2
DA:108,1
DA:109,1
DA:110,1
DA:111,1
DA:112,1
DA:113,1
DA:114,2
DA:115,2
DA:116,2
DA:118,2
DA:120,2
DA:121,2
DA:125,1
DA:126,1
DA:143,1
DA:147,1
DA:151,1
DA:175,1
DA:176,1
DA:177,1
DA:178,1
DA:179,1
DA:180,1
DA:181,1
DA:182,1
DA:183,1
DA:184,1
DA:185,1
DA:187,1
DA:188,1
DA:189,1
DA:190,1
DA:191,1
DA:192,1
DA:193,1
DA:194,1
DA:195,1
DA:196,1
DA:197,1
DA:198,1
LF:94
LH:87
end_of_record
SF:lib\generated\l10n.dart
DA:16,12
DA:20,5
DA:21,5
DA:28,12
DA:29,12
DA:30,0
DA:31,12
DA:32,12
DA:33,36
DA:34,12
DA:35,12
DA:42,0
DA:43,0
DA:44,0
DA:49,0
DA:50,0
DA:54,0
DA:55,0
DA:57,0
DA:70,0
DA:75,0
DA:76,0
DA:78,0
DA:93,0
DA:98,0
DA:99,0
DA:101,0
DA:108,0
DA:113,0
DA:114,0
DA:116,0
DA:126,0
DA:131,0
DA:132,0
DA:134,0
DA:141,0
DA:146,0
DA:147,0
DA:149,0
DA:156,0
DA:161,0
DA:162,0
DA:166,0
DA:171,0
DA:172,0
DA:173,0
DA:176,0
DA:181,0
DA:182,0
DA:186,0
DA:191,4
DA:192,4
DA:193,4
DA:196,4
DA:201,1
DA:202,1
DA:203,1
DA:206,1
DA:212,12
DA:214,0
DA:221,0
DA:222,0
DA:223,0
DA:224,0
DA:225,0
DA:228,0
DA:229,0
DA:230,0
LF:68
LH:19
end_of_record
SF:lib\app\shared\domain\entities\user.dart
DA:10,0
LF:1
LH:0
end_of_record
SF:lib\app\modules\login\login_module.dart
DA:6,0
DA:7,0
DA:8,0
DA:11,0
DA:12,0
DA:13,0
DA:14,0
DA:15,0
LF:8
LH:0
end_of_record
SF:lib\app\shared\guards\app_guard.dart
DA:6,0
DA:7,0
DA:9,0
LF:3
LH:0
end_of_record
SF:lib\app\shared\guards\login_guard.dart
DA:9,0
DA:10,0
DA:12,0
DA:13,0
DA:14,0
LF:5
LH:0
end_of_record
SF:lib\app\shared\infra\storage\local_storage.dart
DA:8,0
DA:10,0
DA:11,0
DA:12,0
DA:15,0
DA:17,0
DA:20,0
DA:22,0
DA:25,0
DA:27,0
DA:30,0
DA:32,0
DA:36,0
DA:40,0
DA:42,0
LF:15
LH:0
end_of_record
SF:lib\app\shared\infra\repositories\user_repository_mock.dart
DA:12,0
DA:45,0
DA:47,0
DA:48,0
DA:49,0
DA:50,0
DA:51,0
DA:54,0
DA:55,0
DA:58,0
DA:60,0
LF:11
LH:0
end_of_record
SF:lib\app\shared\domain\usecases\user\login_user_usecase.dart
DA:14,0
DA:16,0
DA:18,0
LF:3
LH:0
end_of_record
SF:lib\app\modules\base-recape\ui\base_recape_page.dart
DA:26,12
DA:28,0
DA:29,0
DA:41,0
DA:43,0
DA:44,0
DA:45,0
DA:46,0
DA:47,0
DA:50,0
DA:51,0
DA:52,0
DA:53,0
DA:54,0
DA:57,0
DA:59,0
DA:60,0
DA:62,0
DA:63,0
DA:66,0
DA:67,0
DA:68,0
DA:69,0
DA:71,0
DA:74,0
DA:75,0
DA:76,0
DA:77,0
DA:78,0
DA:79,0
DA:80,0
DA:82,0
DA:85,0
DA:91,0
DA:92,0
DA:94,0
DA:95,0
DA:96,0
DA:97,0
DA:98,0
DA:99,0
DA:100,0
DA:103,0
DA:106,0
DA:108,0
DA:109,0
DA:115,0
DA:116,0
DA:117,0
DA:118,0
DA:119,0
DA:120,0
DA:121,0
DA:123,0
DA:126,0
DA:137,0
DA:139,0
DA:141,0
DA:142,0
DA:143,0
DA:145,0
DA:148,0
DA:149,0
DA:153,0
DA:154,0
DA:155,0
DA:156,0
DA:158,0
DA:159,0
DA:165,0
DA:166,0
DA:167,0
DA:168,0
DA:170,0
DA:171,0
DA:172,0
DA:174,0
DA:176,0
DA:178,0
DA:185,0
DA:186,0
DA:188,0
DA:189,0
DA:197,0
DA:198,0
DA:199,0
DA:200,0
DA:203,0
DA:204,0
DA:206,0
DA:207,0
DA:213,0
DA:214,0
DA:215,0
DA:216,0
DA:218,0
DA:219,0
DA:220,0
DA:222,0
DA:224,0
DA:226,0
DA:233,0
DA:234,0
DA:235,0
DA:236,0
DA:238,0
DA:239,0
DA:240,0
DA:242,0
DA:244,0
DA:246,0
DA:255,0
DA:256,0
DA:258,0
DA:259,0
DA:260,0
DA:261,0
DA:263,0
DA:264,0
DA:270,0
DA:271,0
DA:272,0
DA:274,0
DA:276,0
DA:277,0
DA:278,0
DA:281,0
DA:283,0
DA:286,0
DA:294,0
DA:296,0
DA:297,0
DA:298,0
DA:299,0
DA:300,0
DA:301,0
DA:302,0
DA:303,0
DA:305,0
DA:306,0
DA:307,0
DA:312,0
DA:313,0
DA:314,0
DA:315,0
DA:316,0
DA:317,0
DA:318,0
DA:319,0
DA:321,0
DA:322,0
DA:323,0
DA:331,0
DA:332,0
DA:334,0
DA:335,0
DA:336,0
DA:337,0
DA:338,0
DA:339,0
DA:340,0
DA:342,0
DA:343,0
DA:345,0
DA:346,0
DA:347,0
DA:351,0
DA:353,0
DA:356,0
DA:357,0
DA:358,0
DA:363,0
DA:364,0
DA:365,0
DA:366,0
DA:367,0
DA:368,0
DA:370,0
DA:371,0
DA:373,0
DA:374,0
DA:375,0
DA:380,0
DA:382,0
DA:385,0
DA:386,0
DA:387,0
DA:395,0
DA:396,0
DA:397,0
DA:398,0
DA:399,0
DA:400,0
DA:402,0
DA:403,0
DA:404,0
DA:405,0
DA:406,0
DA:407,0
DA:408,0
DA:410,0
DA:411,0
DA:413,0
DA:414,0
DA:415,0
DA:428,0
DA:429,0
DA:430,0
DA:432,0
DA:434,0
DA:437,0
DA:442,0
DA:443,0
DA:444,0
DA:445,0
DA:447,0
DA:448,0
DA:449,0
DA:450,0
DA:452,0
DA:457,0
DA:458,0
DA:459,0
DA:460,0
DA:463,0
DA:471,0
DA:472,0
DA:473,0
DA:474,0
DA:475,0
DA:476,0
DA:477,0
DA:478,0
DA:480,0
DA:481,0
DA:483,0
DA:485,0
DA:486,0
DA:489,0
DA:490,0
DA:491,0
DA:495,0
DA:497,0
DA:502,0
DA:503,0
DA:504,0
DA:505,0
DA:506,0
DA:508,0
DA:510,0
DA:511,0
DA:512,0
DA:514,0
DA:515,0
DA:516,0
DA:517,0
DA:519,0
DA:524,0
DA:525,0
DA:526,0
DA:527,0
DA:534,0
DA:535,0
DA:536,0
DA:537,0
DA:538,0
DA:539,0
DA:540,0
DA:541,0
DA:543,0
DA:544,0
DA:546,0
DA:548,0
DA:549,0
DA:552,0
DA:557,0
DA:559,0
DA:566,0
DA:567,0
DA:581,0
DA:582,0
DA:584,0
DA:586,0
DA:591,0
LF:284
LH:1
end_of_record
SF:lib\app\shared\domain\usecases\update_motoverificacao_usecase.dart
DA:16,0
DA:18,0
DA:22,0
LF:3
LH:0
end_of_record
SF:lib\app\shared\datasource\external\http\obras_datasource.dart
DA:13,0
DA:15,0
DA:17,0
DA:19,0
DA:20,0
DA:22,0
DA:26,0
DA:42,0
DA:43,0
DA:44,0
DA:53,0
DA:55,0
DA:57,0
DA:61,0
DA:62,0
DA:63,0
DA:65,0
DA:69,0
DA:71,0
DA:73,0
DA:78,0
DA:79,0
DA:81,0
DA:85,0
DA:87,0
DA:89,0
DA:90,0
DA:92,0
DA:96,0
DA:99,0
DA:100,0
DA:102,0
DA:103,0
DA:105,0
LF:34
LH:0
end_of_record
SF:lib\app\shared\domain\usecases\create_obra_usecase.dart
DA:31,1
DA:33,1
DA:49,2
LF:3
LH:3
end_of_record
SF:lib\app\shared\domain\usecases\delete_obra_usecase.dart
DA:14,1
DA:16,1
DA:18,2
LF:3
LH:3
end_of_record
SF:lib\app\shared\domain\usecases\update_obra_usecase.dart
DA:13,1
DA:15,1
DA:17,2
LF:3
LH:3
end_of_record
SF:lib\app\shared\environment\environment_config.dart
DA:20,1
DA:21,1
DA:22,5
DA:23,1
DA:24,1
DA:25,1
DA:27,0
LF:7
LH:6
end_of_record
SF:lib\app\shared\helpers\services\dio\dio_http_request.dart
DA:8,0
DA:12,0
DA:14,0
DA:17,0
DA:19,0
DA:22,0
DA:24,0
DA:27,0
DA:29,0
DA:30,0
DA:34,0
DA:36,0
LF:12
LH:0
end_of_record
SF:lib\app\shared\helpers\services\dio\options\dio_options.dart
DA:5,0
LF:1
LH:0
end_of_record
SF:lib\app\modules\base-recape\controllers\create_obra_controller.g.dart
DA:12,1
DA:13,2
DA:15,1
DA:17,2
DA:18,1
DA:21,1
DA:23,4
DA:24,1
DA:28,1
DA:29,2
DA:31,1
DA:33,2
DA:34,1
DA:37,1
DA:39,4
DA:40,1
DA:44,1
DA:45,2
DA:47,1
DA:49,2
DA:50,1
DA:53,1
DA:55,4
DA:56,1
DA:60,1
DA:61,2
DA:63,1
DA:65,2
DA:66,1
DA:69,1
DA:71,4
DA:72,1
DA:76,1
DA:77,2
DA:79,1
DA:81,2
DA:82,1
DA:85,1
DA:87,4
DA:88,1
DA:92,1
DA:93,2
DA:95,1
DA:97,2
DA:98,1
DA:101,1
DA:103,4
DA:104,1
DA:111,0
DA:113,0
DA:114,0
DA:117,0
DA:119,0
DA:120,0
DA:127,0
DA:129,0
DA:130,0
DA:133,0
DA:135,0
DA:136,0
DA:140,1
DA:141,2
DA:143,1
DA:145,2
DA:146,1
DA:149,1
DA:151,4
DA:152,1
DA:156,1
DA:157,2
DA:159,1
DA:161,2
DA:162,1
DA:165,1
DA:167,4
DA:168,1
DA:172,1
DA:173,2
DA:175,1
DA:177,2
DA:178,1
DA:181,1
DA:183,4
DA:184,1
DA:188,1
DA:189,2
DA:191,1
DA:193,2
DA:194,1
DA:197,1
DA:199,4
DA:200,1
DA:204,1
DA:205,2
DA:207,1
DA:209,2
DA:210,1
DA:213,1
DA:215,4
DA:216,1
DA:220,1
DA:221,2
DA:223,1
DA:225,2
DA:226,1
DA:229,1
DA:231,4
DA:232,1
DA:239,0
DA:241,0
DA:242,0
DA:245,0
DA:247,0
DA:248,0
DA:255,0
DA:257,0
DA:258,0
DA:261,0
DA:263,0
DA:264,0
DA:271,0
DA:273,0
DA:279,0
DA:281,0
DA:284,1
DA:285,2
DA:287,1
DA:289,2
DA:292,1
DA:294,2
DA:298,1
DA:300,2
DA:303,1
DA:305,2
DA:309,0
DA:311,0
DA:314,0
DA:316,0
DA:320,1
DA:322,2
DA:325,1
DA:327,2
DA:331,0
DA:333,0
DA:336,0
DA:338,0
DA:342,1
DA:344,2
DA:347,1
DA:349,2
DA:353,0
DA:355,0
DA:358,0
DA:360,0
DA:364,1
DA:366,2
DA:369,1
DA:371,2
DA:375,0
DA:377,0
DA:380,0
DA:382,0
DA:386,1
DA:388,2
DA:391,1
DA:393,2
DA:397,0
DA:399,0
DA:402,0
DA:404,0
DA:408,0
DA:410,0
DA:413,0
DA:415,0
DA:419,0
DA:421,0
DA:424,0
DA:426,0
DA:430,0
DA:432,0
DA:435,0
DA:437,0
DA:441,1
DA:443,2
DA:446,1
DA:448,2
DA:452,0
DA:454,0
DA:457,0
DA:459,0
DA:463,1
DA:465,2
DA:468,1
DA:470,2
DA:474,1
DA:476,2
DA:479,1
DA:481,2
DA:485,0
DA:487,0
DA:490,0
DA:492,0
DA:496,1
DA:498,2
DA:501,1
DA:503,2
DA:507,1
DA:509,2
DA:512,1
DA:514,2
DA:518,1
DA:520,2
DA:523,1
DA:525,2
DA:529,0
DA:531,0
DA:534,0
DA:536,0
DA:540,0
DA:543,0
DA:544,0
DA:545,0
DA:546,0
DA:547,0
DA:548,0
DA:549,0
DA:550,0
DA:551,0
DA:552,0
DA:553,0
DA:554,0
DA:555,0
DA:556,0
DA:557,0
DA:558,0
DA:559,0
LF:236
LH:146
end_of_record
SF:lib\app\modules\base-recape\controllers\create_obra_controller.dart
DA:22,1
DA:27,1
DA:28,1
DA:33,1
DA:34,1
DA:36,0
DA:38,0
DA:44,1
DA:46,1
DA:47,1
DA:48,0
DA:52,0
DA:54,0
DA:60,1
DA:61,1
DA:63,0
DA:65,0
DA:71,1
DA:72,1
DA:74,0
DA:76,0
DA:82,1
DA:83,1
DA:85,0
DA:87,0
DA:93,0
DA:94,0
DA:96,0
DA:98,0
DA:104,0
DA:105,0
DA:110,1
DA:111,1
DA:113,0
DA:115,0
DA:121,1
DA:122,1
DA:127,1
DA:129,1
DA:132,0
DA:134,0
DA:135,0
DA:143,1
DA:144,1
DA:149,1
DA:151,1
DA:156,1
DA:157,1
DA:165,0
DA:167,0
DA:168,0
DA:171,0
DA:173,0
DA:176,0
DA:178,0
DA:179,0
DA:180,0
DA:181,0
DA:182,0
DA:183,0
DA:184,0
DA:185,0
DA:186,0
DA:187,0
DA:188,0
DA:189,0
DA:190,0
DA:191,0
DA:192,0
DA:193,0
DA:194,0
DA:195,0
DA:198,0
DA:199,0
LF:74
LH:26
end_of_record
SF:lib\app\modules\base-recape\controllers\update_obra_controller.g.dart
DA:12,1
DA:13,2
DA:15,1
DA:17,2
DA:18,1
DA:21,1
DA:23,4
DA:24,1
DA:28,1
DA:29,2
DA:31,1
DA:33,2
DA:34,1
DA:37,1
DA:39,4
DA:40,1
DA:47,0
DA:49,0
DA:52,1
DA:53,2
DA:55,1
DA:57,4
DA:60,1
DA:61,2
DA:63,1
DA:65,4
DA:71,0
DA:73,0
DA:76,1
DA:77,2
DA:79,1
DA:81,2
DA:84,1
DA:86,2
DA:90,1
DA:92,2
DA:95,1
DA:97,2
DA:101,1
DA:103,2
DA:106,1
DA:108,2
DA:112,0
DA:114,0
DA:117,0
DA:119,0
DA:123,1
DA:125,2
DA:128,1
DA:130,2
DA:134,0
DA:136,0
DA:139,0
DA:141,0
DA:145,1
DA:147,2
DA:150,1
DA:152,2
DA:156,0
DA:158,0
DA:161,0
DA:163,0
DA:167,1
DA:169,2
DA:172,1
DA:174,2
DA:178,0
DA:180,0
DA:183,0
DA:185,0
DA:189,1
DA:191,2
DA:194,1
DA:196,2
DA:200,0
DA:202,0
DA:205,0
DA:207,0
DA:211,0
DA:213,0
DA:216,0
DA:218,0
DA:222,0
DA:224,0
DA:227,0
DA:229,0
DA:233,0
DA:235,0
DA:238,0
DA:240,0
DA:244,1
DA:246,2
DA:249,1
DA:251,2
DA:255,0
DA:257,0
DA:260,0
DA:262,0
DA:266,1
DA:268,2
DA:271,1
DA:273,2
DA:277,1
DA:279,2
DA:282,1
DA:284,2
DA:288,1
DA:290,2
DA:293,1
DA:295,2
DA:299,0
DA:301,0
DA:304,0
DA:306,0
DA:310,1
DA:312,2
DA:315,1
DA:317,2
DA:321,1
DA:323,2
DA:326,1
DA:328,2
DA:332,0
DA:334,0
DA:337,0
DA:339,0
DA:343,0
DA:346,0
DA:347,0
DA:348,0
LF:130
LH:78
end_of_record
SF:lib\app\modules\base-recape\controllers\update_obra_controller.dart
DA:27,1
DA:29,1
DA:32,1
DA:34,2
DA:43,1
DA:44,1
DA:46,1
DA:48,3
DA:51,0
DA:53,0
DA:56,1
DA:58,3
DA:59,1
DA:60,0
DA:64,0
DA:66,0
DA:69,1
DA:71,3
DA:74,0
DA:76,0
DA:79,1
DA:81,3
DA:84,0
DA:86,0
DA:89,1
DA:91,3
DA:94,0
DA:96,0
DA:99,0
DA:101,0
DA:104,0
DA:106,0
DA:109,0
DA:111,0
DA:114,1
DA:116,3
DA:119,0
DA:121,0
DA:124,1
DA:126,3
DA:129,1
DA:131,3
DA:134,1
DA:136,3
DA:139,0
DA:141,0
DA:142,0
DA:147,1
DA:149,1
DA:150,2
DA:153,1
DA:155,3
DA:158,0
DA:160,0
DA:161,0
DA:164,0
DA:166,0
DA:167,0
DA:168,0
DA:169,0
DA:172,1
DA:174,1
DA:175,5
DA:176,0
DA:177,0
DA:179,3
DA:180,2
DA:181,2
DA:182,2
DA:184,3
DA:187,1
DA:189,1
DA:190,4
DA:191,2
DA:192,2
DA:193,2
DA:196,2
DA:197,1
DA:200,0
DA:202,0
DA:203,0
DA:204,0
DA:205,0
DA:206,0
DA:207,0
DA:208,0
DA:210,0
LF:87
LH:46
end_of_record
SF:lib\app\shared\domain\enums\active_enum.dart
DA:8,0
DA:9,0
LF:2
LH:0
end_of_record
SF:lib\app\shared\helpers\utils\validation_field_helper.dart
DA:7,0
DA:9,0
DA:14,0
DA:16,0
DA:21,0
DA:23,0
DA:28,0
DA:29,0
DA:30,0
DA:35,0
DA:36,0
DA:40,0
DA:41,0
DA:42,0
LF:14
LH:0
end_of_record
SF:lib\app\modules\base-recape\states\create_obra_state.dart
DA:7,12
DA:11,13
DA:16,0
DA:21,0
LF:4
LH:2
end_of_record
SF:lib\app\modules\base-recape\controllers\multiple_fiscalizacao_convias_controller.dart
DA:16,0
DA:27,0
DA:28,0
DA:30,0
DA:33,0
DA:34,0
DA:37,0
DA:40,0
DA:41,0
DA:44,0
DA:47,0
DA:48,0
DA:51,0
DA:53,0
DA:54,0
DA:55,0
DA:61,0
DA:63,0
DA:64,0
DA:65,0
DA:66,0
DA:67,0
DA:68,0
DA:70,0
LF:24
LH:0
end_of_record
SF:lib\app\modules\base-recape\controllers\multiple_fiscalizacao_convias_controller.g.dart
DA:17,0
DA:19,0
DA:20,0
DA:23,0
DA:25,0
DA:26,0
DA:34,0
DA:36,0
DA:37,0
DA:40,0
DA:42,0
DA:43,0
DA:51,0
DA:53,0
DA:54,0
DA:61,0
DA:64,0
DA:67,0
DA:69,0
DA:70,0
DA:74,0
DA:77,0
DA:81,0
DA:83,0
DA:84,0
DA:88,0
DA:91,0
DA:95,0
DA:97,0
DA:98,0
DA:102,0
DA:105,0
DA:109,0
DA:111,0
DA:112,0
DA:116,0
DA:119,0
DA:123,0
DA:125,0
DA:126,0
DA:130,0
DA:133,0
DA:134,0
DA:135,0
LF:44
LH:0
end_of_record
SF:lib\app\modules\base-recape\states\update_motoverificacao_state.dart
DA:7,24
DA:11,25
DA:16,0
DA:21,0
LF:4
LH:2
end_of_record
SF:lib\app\modules\base-recape\controllers\unique_fiscalizacao_controller.dart
DA:15,1
DA:21,1
DA:24,2
DA:25,1
DA:28,1
DA:31,2
DA:32,1
DA:35,1
DA:38,2
DA:39,1
DA:42,0
DA:44,0
DA:45,0
DA:46,0
DA:55,1
DA:56,1
DA:58,0
DA:60,0
DA:62,0
DA:63,0
DA:64,0
DA:65,0
DA:66,0
DA:68,0
LF:24
LH:12
end_of_record
SF:lib\app\modules\base-recape\controllers\unique_fiscalizacao_controller.g.dart
DA:13,2
DA:15,1
DA:17,1
DA:19,2
DA:20,1
DA:23,1
DA:25,4
DA:26,1
DA:30,1
DA:31,2
DA:33,1
DA:35,2
DA:36,1
DA:39,1
DA:41,4
DA:42,1
DA:50,0
DA:52,0
DA:53,0
DA:56,1
DA:57,1
DA:58,1
DA:60,1
DA:63,2
DA:66,1
DA:68,1
DA:69,1
DA:73,1
DA:76,2
DA:80,1
DA:82,1
DA:83,1
DA:87,1
DA:90,2
DA:94,1
DA:96,1
DA:97,1
DA:101,0
DA:104,0
DA:108,0
DA:110,0
DA:111,0
DA:115,1
DA:117,1
DA:118,1
DA:120,1
DA:122,1
DA:123,1
DA:127,0
DA:130,0
DA:131,0
DA:132,0
LF:52
LH:40
end_of_record
SF:lib\app\modules\base-recape\states\update_obra_state.dart
DA:7,12
DA:11,13
DA:16,1
DA:21,1
LF:4
LH:4
end_of_record
SF:lib\app\shared\domain\entities\obra.dart
DA:34,8
LF:1
LH:1
end_of_record
SF:lib\app\modules\base-recape\ui\dialogs\multiple_fiscalizacao_convias_dialog.dart
DA:19,0
DA:22,0
DA:24,0
DA:33,0
DA:35,0
DA:36,0
DA:37,0
DA:38,0
DA:41,0
DA:42,0
DA:45,0
DA:47,0
DA:48,0
DA:49,0
DA:51,0
DA:52,0
DA:53,0
DA:54,0
DA:55,0
DA:56,0
DA:57,0
DA:58,0
DA:66,0
DA:67,0
DA:68,0
DA:70,0
DA:71,0
DA:72,0
DA:73,0
DA:76,0
DA:78,0
DA:81,0
DA:83,0
DA:85,0
DA:89,0
DA:90,0
DA:91,0
DA:92,0
DA:93,0
DA:94,0
DA:95,0
DA:96,0
DA:98,0
DA:99,0
DA:100,0
DA:101,0
DA:106,0
DA:107,0
DA:108,0
DA:109,0
DA:111,0
DA:112,0
DA:114,0
DA:116,0
DA:117,0
DA:119,0
DA:121,0
DA:122,0
DA:128,0
DA:129,0
DA:130,0
DA:132,0
DA:133,0
DA:135,0
DA:136,0
DA:137,0
DA:139,0
DA:140,0
DA:142,0
DA:149,0
DA:151,0
DA:152,0
DA:153,0
DA:154,0
DA:155,0
DA:156,0
DA:157,0
DA:158,0
DA:160,0
DA:161,0
DA:162,0
DA:165,0
DA:166,0
DA:167,0
DA:168,0
DA:169,0
DA:170,0
DA:171,0
DA:172,0
DA:174,0
DA:176,0
DA:177,0
DA:179,0
DA:180,0
DA:181,0
DA:186,0
DA:187,0
DA:189,0
DA:190,0
DA:191,0
LF:100
LH:0
end_of_record
SF:lib\app\modules\base-recape\ui\dialogs\unique_fiscalizacao_dialog.dart
DA:20,0
DA:26,0
DA:28,0
DA:36,0
DA:38,0
DA:39,0
DA:40,0
DA:41,0
DA:42,0
DA:45,0
DA:46,0
DA:49,0
DA:51,0
DA:52,0
DA:53,0
DA:55,0
DA:56,0
DA:57,0
DA:58,0
DA:59,0
DA:61,0
DA:62,0
DA:63,0
DA:64,0
DA:72,0
DA:73,0
DA:74,0
DA:75,0
DA:76,0
DA:79,0
DA:80,0
DA:81,0
DA:83,0
DA:85,0
DA:87,0
DA:89,0
DA:91,0
DA:97,0
DA:98,0
DA:101,0
DA:102,0
DA:104,0
DA:106,0
DA:107,0
DA:109,0
DA:110,0
DA:113,0
DA:114,0
DA:120,0
DA:121,0
DA:122,0
DA:123,0
DA:124,0
DA:125,0
DA:126,0
DA:128,0
DA:129,0
DA:134,0
DA:135,0
DA:136,0
DA:137,0
DA:139,0
DA:141,0
DA:143,0
DA:145,0
DA:147,0
DA:153,0
DA:154,0
DA:155,0
DA:158,0
DA:159,0
DA:160,0
DA:161,0
DA:163,0
DA:164,0
DA:165,0
DA:172,0
DA:174,0
DA:175,0
DA:176,0
DA:177,0
DA:178,0
DA:179,0
DA:180,0
DA:181,0
DA:183,0
DA:184,0
DA:185,0
DA:188,0
DA:189,0
DA:190,0
DA:191,0
DA:192,0
DA:193,0
DA:194,0
DA:195,0
DA:196,0
DA:197,0
DA:198,0
DA:199,0
DA:201,0
DA:202,0
DA:203,0
DA:208,0
DA:209,0
DA:211,0
DA:212,0
DA:213,0
LF:108
LH:0
end_of_record
SF:lib\app\modules\base-recape\ui\widgets\filter_text_field_widget.dart
DA:16,0
DA:25,0
DA:27,0
DA:28,0
DA:29,0
DA:30,0
DA:31,0
DA:32,0
DA:33,0
DA:34,0
DA:35,0
DA:37,0
DA:38,0
DA:40,0
DA:46,0
DA:48,0
LF:16
LH:0
end_of_record
SF:lib\app\shared\themes\app_colors.dart
DA:4,0
DA:5,0
DA:6,0
DA:7,0
DA:8,0
DA:9,0
DA:10,0
LF:7
LH:0
end_of_record
SF:lib\app\shared\themes\app_text_styles.dart
DA:5,0
DA:10,0
DA:15,0
DA:20,0
DA:24,0
DA:28,0
DA:32,0
LF:7
LH:0
end_of_record
SF:lib\app\shared\helpers\utils\screen_helper.dart
DA:4,0
DA:5,0
DA:6,0
LF:3
LH:0
end_of_record
SF:lib\app\shared\widgets\filter_drop_down_widget.dart
DA:12,0
DA:19,0
DA:21,0
DA:22,0
DA:23,0
DA:24,0
DA:25,0
DA:26,0
DA:27,0
DA:28,0
DA:30,0
DA:32,0
DA:33,0
DA:35,0
DA:40,0
DA:42,0
LF:16
LH:0
end_of_record
SF:lib\app\modules\base-recape\ui\dialogs\create_obra_dialog.dart
DA:21,12
DA:23,0
DA:24,0
DA:33,0
DA:35,0
DA:36,0
DA:37,0
DA:40,0
DA:42,0
DA:43,0
DA:44,0
DA:46,0
DA:47,0
DA:48,0
DA:49,0
DA:50,0
DA:53,0
DA:54,0
DA:56,0
DA:64,0
DA:65,0
DA:66,0
DA:67,0
DA:68,0
DA:69,0
DA:70,0
DA:71,0
DA:72,0
DA:73,0
DA:74,0
DA:77,0
DA:78,0
DA:79,0
DA:81,0
DA:83,0
DA:87,0
DA:88,0
DA:89,0
DA:90,0
DA:91,0
DA:92,0
DA:93,0
DA:97,0
DA:100,0
DA:101,0
DA:102,0
DA:104,0
DA:106,0
DA:110,0
DA:111,0
DA:112,0
DA:114,0
DA:115,0
DA:117,0
DA:119,0
DA:120,0
DA:122,0
DA:128,0
DA:129,0
DA:130,0
DA:131,0
DA:133,0
DA:135,0
DA:139,0
DA:140,0
DA:142,0
DA:143,0
DA:147,0
DA:148,0
DA:150,0
DA:151,0
DA:156,0
DA:157,0
DA:158,0
DA:159,0
DA:162,0
DA:163,0
DA:164,0
DA:165,0
DA:167,0
DA:168,0
DA:172,0
DA:173,0
DA:176,0
DA:177,0
DA:182,0
DA:183,0
DA:184,0
DA:185,0
DA:186,0
DA:188,0
DA:190,0
DA:191,0
DA:192,0
DA:194,0
DA:196,0
DA:200,0
DA:201,0
DA:203,0
DA:204,0
DA:205,0
DA:207,0
DA:211,0
DA:212,0
DA:214,0
DA:215,0
DA:216,0
DA:218,0
DA:222,0
DA:223,0
DA:224,0
DA:227,0
DA:228,0
DA:229,0
DA:231,0
DA:233,0
DA:238,0
DA:240,0
DA:245,0
DA:246,0
DA:247,0
DA:248,0
DA:249,0
DA:250,0
DA:255,0
DA:263,0
DA:265,0
DA:266,0
DA:267,0
DA:268,0
DA:269,0
DA:270,0
DA:271,0
DA:272,0
DA:274,0
DA:275,0
DA:276,0
DA:279,0
DA:280,0
DA:281,0
DA:282,0
DA:283,0
DA:284,0
DA:285,0
DA:286,0
DA:287,0
DA:288,0
DA:289,0
DA:290,0
DA:291,0
DA:292,0
DA:293,0
DA:294,0
DA:295,0
DA:296,0
DA:301,0
DA:303,0
DA:304,0
DA:305,0
DA:318,0
DA:319,0
DA:320,0
DA:322,0
DA:324,0
DA:327,0
DA:329,0
DA:331,0
DA:332,0
DA:338,0
LF:169
LH:1
end_of_record
SF:lib\app\modules\base-recape\ui\dialogs\show_obra_dialog.dart
DA:18,0
DA:20,0
DA:22,0
DA:23,0
DA:24,0
DA:26,0
DA:27,0
DA:28,0
DA:29,0
DA:33,0
DA:34,0
DA:35,0
DA:36,0
DA:44,0
DA:46,0
DA:47,0
DA:48,0
DA:50,0
DA:51,0
DA:53,0
DA:54,0
DA:56,0
DA:57,0
DA:59,0
DA:60,0
DA:62,0
DA:65,0
DA:67,0
DA:69,0
DA:70,0
DA:71,0
DA:72,0
DA:76,0
DA:78,0
DA:79,0
DA:81,0
DA:82,0
DA:83,0
DA:84,0
DA:85,0
DA:87,0
DA:89,0
DA:90,0
DA:92,0
DA:98,0
DA:100,0
DA:101,0
DA:103,0
DA:104,0
DA:106,0
DA:107,0
DA:109,0
DA:111,0
DA:114,0
DA:116,0
DA:118,0
DA:121,0
DA:122,0
DA:126,0
DA:127,0
DA:129,0
DA:131,0
DA:133,0
DA:135,0
DA:136,0
DA:137,0
DA:145,0
DA:154,0
DA:155,0
DA:156,0
DA:161,0
DA:163,0
DA:170,0
DA:171,0
DA:172,0
DA:177,0
DA:180,0
DA:181,0
DA:184,0
DA:185,0
DA:186,0
DA:189,0
DA:193,0
DA:196,0
DA:197,0
DA:198,0
DA:201,0
DA:205,0
DA:206,0
DA:209,0
DA:210,0
DA:211,0
DA:214,0
DA:216,0
DA:218,0
DA:220,0
DA:221,0
DA:227,0
DA:228,0
DA:229,0
DA:231,0
DA:232,0
DA:233,0
DA:234,0
DA:235,0
DA:236,0
DA:237,0
DA:238,0
DA:239,0
DA:241,0
DA:242,0
LF:111
LH:0
end_of_record
SF:lib\app\modules\base-recape\ui\dialogs\update_obra_dialog.dart
DA:30,0
DA:32,0
DA:33,0
DA:42,0
DA:44,0
DA:45,0
DA:46,0
DA:47,0
DA:48,0
DA:49,0
DA:52,0
DA:54,0
DA:55,0
DA:56,0
DA:57,0
DA:59,0
DA:60,0
DA:61,0
DA:63,0
DA:66,0
DA:67,0
DA:68,0
DA:69,0
DA:77,0
DA:78,0
DA:79,0
DA:80,0
DA:81,0
DA:82,0
DA:83,0
DA:84,0
DA:85,0
DA:86,0
DA:88,0
DA:89,0
DA:91,0
DA:92,0
DA:93,0
DA:95,0
DA:97,0
DA:101,0
DA:102,0
DA:103,0
DA:104,0
DA:105,0
DA:106,0
DA:107,0
DA:108,0
DA:109,0
DA:113,0
DA:115,0
DA:117,0
DA:118,0
DA:119,0
DA:121,0
DA:123,0
DA:127,0
DA:128,0
DA:130,0
DA:131,0
DA:133,0
DA:134,0
DA:135,0
DA:137,0
DA:142,0
DA:143,0
DA:144,0
DA:145,0
DA:147,0
DA:148,0
DA:149,0
DA:152,0
DA:156,0
DA:157,0
DA:159,0
DA:160,0
DA:161,0
DA:163,0
DA:167,0
DA:168,0
DA:170,0
DA:171,0
DA:172,0
DA:174,0
DA:179,0
DA:180,0
DA:181,0
DA:182,0
DA:185,0
DA:187,0
DA:188,0
DA:189,0
DA:191,0
DA:193,0
DA:194,0
DA:198,0
DA:199,0
DA:201,0
DA:205,0
DA:206,0
DA:211,0
DA:212,0
DA:213,0
DA:214,0
DA:215,0
DA:217,0
DA:218,0
DA:220,0
DA:221,0
DA:222,0
DA:224,0
DA:226,0
DA:230,0
DA:231,0
DA:233,0
DA:234,0
DA:235,0
DA:236,0
DA:238,0
DA:242,0
DA:243,0
DA:245,0
DA:246,0
DA:247,0
DA:248,0
DA:250,0
DA:254,0
DA:255,0
DA:256,0
DA:257,0
DA:260,0
DA:261,0
DA:262,0
DA:264,0
DA:266,0
DA:271,0
DA:272,0
DA:274,0
DA:275,0
DA:276,0
DA:279,0
DA:280,0
DA:289,0
DA:290,0
DA:291,0
DA:293,0
DA:294,0
DA:297,0
DA:298,0
DA:299,0
DA:304,0
DA:312,0
DA:314,0
DA:315,0
DA:316,0
DA:317,0
DA:318,0
DA:319,0
DA:320,0
DA:321,0
DA:323,0
DA:324,0
DA:325,0
DA:328,0
DA:329,0
DA:330,0
DA:331,0
DA:332,0
DA:333,0
DA:334,0
DA:335,0
DA:336,0
DA:338,0
DA:339,0
DA:340,0
DA:341,0
DA:342,0
DA:343,0
DA:344,0
DA:345,0
DA:350,0
DA:352,0
DA:353,0
DA:354,0
DA:358,0
DA:359,0
DA:361,0
DA:362,0
DA:363,0
DA:364,0
DA:365,0
DA:366,0
DA:367,0
DA:369,0
DA:372,0
DA:373,0
DA:374,0
DA:375,0
DA:380,0
DA:381,0
DA:382,0
DA:386,0
DA:387,0
DA:389,0
DA:391,0
DA:392,0
DA:394,0
DA:397,0
DA:398,0
DA:399,0
DA:400,0
DA:405,0
DA:408,0
DA:422,0
DA:423,0
DA:424,0
DA:426,0
DA:428,0
DA:433,0
DA:434,0
LF:220
LH:0
end_of_record
SF:lib\app\shared\widgets\drop_down_field.dart
DA:12,0
DA:19,0
DA:21,0
DA:23,0
DA:25,0
DA:27,0
DA:28,0
DA:29,0
DA:30,0
DA:33,0
DA:34,0
DA:39,0
DA:40,0
DA:42,0
DA:43,0
DA:44,0
DA:45,0
DA:46,0
DA:48,0
DA:52,0
DA:53,0
DA:55,0
DA:57,0
DA:58,0
DA:59,0
DA:66,0
DA:68,0
LF:27
LH:0
end_of_record
SF:lib\app\shared\widgets\text_field_widget.dart
DA:16,0
DA:28,0
DA:30,0
DA:32,0
DA:34,0
DA:35,0
DA:36,0
DA:37,0
DA:40,0
DA:41,0
DA:42,0
DA:43,0
DA:44,0
DA:46,0
DA:47,0
DA:48,0
DA:49,0
DA:50,0
DA:51,0
DA:53,0
DA:54,0
DA:56,0
DA:57,0
DA:58,0
DA:65,0
DA:67,0
LF:26
LH:0
end_of_record
SF:lib\app\shared\domain\entities\motoverificacao.dart
DA:7,9
LF:1
LH:1
end_of_record
SF:lib\app\shared\widgets\alert_dialog_custom.dart
DA:10,0
DA:12,0
DA:14,0
DA:15,0
DA:17,0
DA:19,0
DA:20,0
DA:21,0
DA:22,0
DA:23,0
DA:24,0
DA:25,0
DA:26,0
DA:28,0
DA:29,0
DA:31,0
DA:32,0
DA:33,0
DA:34,0
DA:35,0
DA:36,0
DA:37,0
DA:39,0
LF:23
LH:0
end_of_record
SF:lib\app\modules\login\controllers\login_controller.dart
DA:14,0
DA:19,0
DA:20,0
DA:25,0
DA:26,0
DA:31,0
DA:32,0
DA:37,0
DA:38,0
DA:40,0
DA:42,0
DA:43,0
DA:44,0
DA:49,0
DA:51,0
DA:54,0
DA:56,0
LF:17
LH:0
end_of_record
SF:lib\app\modules\login\controllers\login_controller.g.dart
DA:15,0
DA:17,0
DA:18,0
DA:21,0
DA:23,0
DA:24,0
DA:31,0
DA:33,0
DA:34,0
DA:37,0
DA:39,0
DA:40,0
DA:47,0
DA:49,0
DA:50,0
DA:53,0
DA:55,0
DA:56,0
DA:63,0
DA:65,0
DA:66,0
DA:69,0
DA:71,0
DA:72,0
DA:79,0
DA:81,0
DA:87,0
DA:89,0
DA:92,0
DA:94,0
DA:98,0
DA:100,0
DA:103,0
DA:105,0
DA:109,0
DA:111,0
DA:114,0
DA:116,0
DA:120,0
DA:122,0
DA:125,0
DA:127,0
DA:131,0
DA:133,0
DA:136,0
DA:138,0
DA:142,0
DA:144,0
DA:147,0
DA:149,0
DA:153,0
DA:156,0
DA:157,0
DA:158,0
DA:159,0
DA:160,0
LF:56
LH:0
end_of_record
SF:lib\app\modules\login\states\login_state.dart
DA:6,12
DA:10,12
DA:15,0
DA:19,12
LF:4
LH:3
end_of_record
SF:lib\app\modules\login\ui\login_page.dart
DA:13,12
DA:15,0
DA:17,0
DA:18,0
DA:19,0
DA:20,0
DA:22,0
DA:23,0
DA:25,0
DA:26,0
DA:27,0
DA:31,0
DA:33,0
DA:35,0
DA:38,0
DA:39,0
DA:40,0
DA:41,0
DA:46,0
DA:48,0
DA:49,0
DA:51,0
DA:52,0
DA:54,0
DA:55,0
DA:58,0
DA:59,0
DA:61,0
DA:62,0
DA:63,0
DA:65,0
DA:66,0
DA:68,0
DA:69,0
DA:70,0
DA:72,0
DA:73,0
DA:74,0
DA:75,0
DA:76,0
DA:77,0
DA:84,0
DA:85,0
DA:86,0
DA:87,0
DA:88,0
DA:89,0
DA:90,0
DA:92,0
DA:93,0
DA:96,0
DA:97,0
DA:99,0
DA:100,0
DA:101,0
LF:55
LH:1
end_of_record
SF:lib\app\modules\login\ui\widgets\text_field_login_widget.dart
DA:17,0
DA:29,0
DA:31,0
DA:33,0
DA:35,0
DA:36,0
DA:37,0
DA:38,0
DA:41,0
DA:42,0
DA:43,0
DA:45,0
DA:46,0
DA:47,0
DA:48,0
DA:49,0
DA:50,0
DA:51,0
DA:52,0
DA:53,0
DA:54,0
DA:55,0
DA:56,0
DA:62,0
DA:63,0
DA:65,0
DA:66,0
DA:67,0
DA:74,0
DA:76,0
LF:30
LH:0
end_of_record
SF:lib\app\shared\infra\repositories\obra_repository_http.dart
DA:17,0
DA:21,0
DA:23,0
DA:24,0
DA:27,0
DA:28,0
DA:29,0
DA:30,0
DA:34,0
DA:51,0
DA:67,0
DA:68,0
DA:69,0
DA:70,0
DA:74,0
DA:77,0
DA:78,0
DA:79,0
DA:80,0
DA:81,0
DA:85,0
DA:88,0
DA:89,0
DA:90,0
DA:91,0
DA:92,0
DA:93,0
DA:94,0
DA:98,0
DA:103,0
DA:104,0
DA:105,0
DA:106,0
DA:107,0
DA:109,0
DA:110,0
DA:111,0
LF:37
LH:0
end_of_record
SF:lib\app\shared\infra\repositories\obra_repository_mock.dart
DA:154,0
DA:170,0
DA:185,0
DA:186,0
DA:189,0
DA:190,0
DA:191,0
DA:192,0
DA:195,2
DA:197,4
DA:200,1
DA:202,4
DA:203,5
DA:204,2
DA:205,2
DA:206,1
DA:209,2
DA:212,1
DA:214,4
DA:215,4
DA:216,2
DA:217,3
DA:220,2
DA:223,0
DA:229,0
DA:230,0
DA:231,0
DA:232,0
DA:233,0
DA:235,0
DA:237,0
LF:31
LH:15
end_of_record
SF:lib\generated\intl\messages_all.dart
DA:23,36
DA:24,24
DA:25,0
DA:28,12
DA:30,12
DA:31,12
DA:32,0
DA:33,0
DA:40,12
DA:41,12
DA:42,36
DA:43,0
DA:45,0
DA:47,24
DA:48,12
DA:49,36
DA:50,24
DA:51,12
DA:54,12
DA:56,12
DA:62,12
DA:64,12
DA:66,12
LF:23
LH:18
end_of_record
SF:lib\generated\intl\messages_en.dart
DA:16,36
DA:21,0
DA:23,0
DA:27,0
DA:29,0
DA:33,0
DA:35,0
DA:36,0
DA:38,0
DA:50,0
DA:52,2
DA:54,8
DA:56,0
DA:60,0
DA:62,0
DA:72,0
DA:74,0
DA:81,0
DA:84,24
DA:87,12
DA:91,12
LF:21
LH:6
end_of_record
SF:lib\generated\intl\messages_pt_BR.dart
DA:16,0
DA:21,0
DA:23,0
DA:27,0
DA:29,0
DA:33,0
DA:35,0
DA:36,0
DA:38,0
DA:50,0
DA:52,0
DA:53,0
DA:55,0
DA:57,0
DA:61,0
DA:63,0
DA:73,0
DA:75,0
DA:82,0
DA:85,0
DA:88,0
DA:92,0
LF:22
LH:0
end_of_record
